--------------- Build Started: 02/01/2020 14:45:14 Project: ScienceFirmware, Configuration: ARM GCC 5.4-2016-q2-update Debug ---------------
The code generation step is up to date.
arm-none-eabi-gcc.exe -mcpu=cortex-m0 -mthumb -I. -IGenerated_Source\PSoC4 -Wa,-alh=.\CortexM0\ARM_GCC_541\Debug/main.lst -g -D DEBUG -D CY_CORE_ID=0 -Wall -ffunction-sections -ffat-lto-objects -Og -c main.c -o .\CortexM0\ARM_GCC_541\Debug\main.o
main.c: In function 'main':
main.c:40:12: warning: passing argument 1 of 'printf' makes pointer from integer without a cast [-Wint-conversion]
     printf(c);
            ^
In file included from d:\program files (x86)\cypress\psoc creator\4.2\psoc creator\import\gnu\arm\5.4.1\arm-none-eabi\include\string.h:10:0,
                 from Generated_Source\PSoC4/CyLib.h:25,
                 from Generated_Source\PSoC4/I2CMaster.h:24,
                 from Generated_Source\PSoC4/project.h:21,
                 from main.c:4:
d:\program files (x86)\cypress\psoc creator\4.2\psoc creator\import\gnu\arm\5.4.1\arm-none-eabi\include\stdio.h:187:5: note: expected 'const char * restrict' but argument is of type 'uint16 {aka short unsigned int}'
 int _EXFUN(printf, (const char *__restrict, ...)
     ^
main.c: In function 'VEML6070ReadAll':
main.c:64:12: warning: unused variable 'error' [-Wunused-variable]
     uint32 error;
            ^
main.c: In function 'iAQReadAll':
main.c:79:11: warning: variable 'error' set but not used [-Wunused-but-set-variable]
     int32 error;
           ^
main.c: In function 'bme280ReadAll':
main.c:96:11: warning: variable 'error' set but not used [-Wunused-but-set-variable]
     int32 error;
           ^
arm-none-eabi-ar.exe -rs .\CortexM0\ARM_GCC_541\Debug\ScienceFirmware.a .\CortexM0\ARM_GCC_541\Debug\CyFlash.o .\CortexM0\ARM_GCC_541\Debug\CyLib.o .\CortexM0\ARM_GCC_541\Debug\cyPm.o .\CortexM0\ARM_GCC_541\Debug\cyutils.o .\CortexM0\ARM_GCC_541\Debug\CyDMA.o .\CortexM0\ARM_GCC_541\Debug\CyLFClk.o .\CortexM0\ARM_GCC_541\Debug\cy_em_eeprom.o .\CortexM0\ARM_GCC_541\Debug\I2CMaster.o .\CortexM0\ARM_GCC_541\Debug\I2CMaster_I2C_INT.o .\CortexM0\ARM_GCC_541\Debug\I2CMaster_I2C.o .\CortexM0\ARM_GCC_541\Debug\I2CMaster_I2C_BOOT.o .\CortexM0\ARM_GCC_541\Debug\I2CMaster_I2C_MASTER.o .\CortexM0\ARM_GCC_541\Debug\I2CMaster_PM.o .\CortexM0\ARM_GCC_541\Debug\I2CMaster_BOOT.o .\CortexM0\ARM_GCC_541\Debug\I2CMaster_SCBCLK.o .\CortexM0\ARM_GCC_541\Debug\I2CMaster_sda.o .\CortexM0\ARM_GCC_541\Debug\I2CMaster_sda_PM.o .\CortexM0\ARM_GCC_541\Debug\I2CMaster_scl.o .\CortexM0\ARM_GCC_541\Debug\I2CMaster_scl_PM.o .\CortexM0\ARM_GCC_541\Debug\I2CMaster_SCB_IRQ.o .\CortexM0\ARM_GCC_541\Debug\CyBootAsmGnu.o
arm-none-eabi-ar.exe: creating .\CortexM0\ARM_GCC_541\Debug\ScienceFirmware.a
arm-none-eabi-gcc.exe -Wl,--start-group -o "D:\OneDrive\Documents\Husky Robotics\HR19-20\Electronics\PSoC Projects\Science Board\ScienceFirmware.cydsn\CortexM0\ARM_GCC_541\Debug\ScienceFirmware.elf" .\CortexM0\ARM_GCC_541\Debug\main.o .\CortexM0\ARM_GCC_541\Debug\cyfitter_cfg.o .\CortexM0\ARM_GCC_541\Debug\cymetadata.o .\CortexM0\ARM_GCC_541\Debug\Cm0Start.o .\CortexM0\ARM_GCC_541\Debug\ScienceFirmware.a -mcpu=cortex-m0 -mthumb -L Generated_Source\PSoC4 -Wl,-Map,.\CortexM0\ARM_GCC_541\Debug/ScienceFirmware.map -T Generated_Source\PSoC4\cm0gcc.ld -specs=nano.specs -Wl,--gc-sections -g -ffunction-sections -Og -ffat-lto-objects -Wl,--end-group
cyelftool.exe -C "D:\OneDrive\Documents\Husky Robotics\HR19-20\Electronics\PSoC Projects\Science Board\ScienceFirmware.cydsn\CortexM0\ARM_GCC_541\Debug\ScienceFirmware.elf" --flash_row_size 128 --flash_size 32768 --flash_offset 0x00000000
No ELF section .cychecksum found, creating one
Application checksum calculated and stored in ELF section .cychecksum
Checksum calculated and stored in ELF section .cymeta
cyelftool.exe -S "D:\OneDrive\Documents\Husky Robotics\HR19-20\Electronics\PSoC Projects\Science Board\ScienceFirmware.cydsn\CortexM0\ARM_GCC_541\Debug\ScienceFirmware.elf"
Flash used: 6264 of 32768 bytes (19.1%).
SRAM used: 2584 of 4096 bytes (63.1%). Stack: 2048 bytes. Heap: 128 bytes.
--------------- Build Succeeded: 02/01/2020 14:45:19 ---------------
