--------------- Clean Started: 03/01/2020 19:45:02 Project: ScienceFirmware, Configuration: ARM GCC 5.4-2016-q2-update Debug ---------------
Deleting file ".\CortexM0\ARM_GCC_541\Debug\main.o"
Deleting file ".\CortexM0\ARM_GCC_541\Debug\cyfitter_cfg.o"
Deleting file ".\CortexM0\ARM_GCC_541\Debug\cymetadata.o"
Deleting file ".\CortexM0\ARM_GCC_541\Debug\Cm0Start.o"
Deleting file ".\CortexM0\ARM_GCC_541\Debug\CyFlash.o"
Deleting file ".\CortexM0\ARM_GCC_541\Debug\CyLib.o"
Deleting file ".\CortexM0\ARM_GCC_541\Debug\cyPm.o"
Deleting file ".\CortexM0\ARM_GCC_541\Debug\cyutils.o"
Deleting file ".\CortexM0\ARM_GCC_541\Debug\CyBootAsmGnu.o"
Deleting file ".\CortexM0\ARM_GCC_541\Debug\CyDMA.o"
Deleting file ".\CortexM0\ARM_GCC_541\Debug\CyLFClk.o"
Deleting file ".\CortexM0\ARM_GCC_541\Debug\cy_em_eeprom.o"
Deleting file ".\CortexM0\ARM_GCC_541\Debug\I2CMaster.o"
Deleting file ".\CortexM0\ARM_GCC_541\Debug\I2CMaster_I2C_INT.o"
Deleting file ".\CortexM0\ARM_GCC_541\Debug\I2CMaster_I2C.o"
Deleting file ".\CortexM0\ARM_GCC_541\Debug\I2CMaster_I2C_BOOT.o"
Deleting file ".\CortexM0\ARM_GCC_541\Debug\I2CMaster_I2C_MASTER.o"
Deleting file ".\CortexM0\ARM_GCC_541\Debug\I2CMaster_PM.o"
Deleting file ".\CortexM0\ARM_GCC_541\Debug\I2CMaster_BOOT.o"
Deleting file ".\CortexM0\ARM_GCC_541\Debug\I2CMaster_SCBCLK.o"
Deleting file ".\CortexM0\ARM_GCC_541\Debug\I2CMaster_sda.o"
Deleting file ".\CortexM0\ARM_GCC_541\Debug\I2CMaster_sda_PM.o"
Deleting file ".\CortexM0\ARM_GCC_541\Debug\I2CMaster_scl.o"
Deleting file ".\CortexM0\ARM_GCC_541\Debug\I2CMaster_scl_PM.o"
Deleting file ".\CortexM0\ARM_GCC_541\Debug\I2CMaster_SCB_IRQ.o"
Deleting file ".\CortexM0\ARM_GCC_541\Debug\Clock.o"
Deleting file ".\CortexM0\ARM_GCC_541\Debug\PWM.o"
Deleting file ".\CortexM0\ARM_GCC_541\Debug\PWM_PM.o"
Deleting file ".\CortexM0\ARM_GCC_541\Debug\LED.o"
Deleting file ".\CortexM0\ARM_GCC_541\Debug\LED_PM.o"
Deleting file ".\CortexM0\ARM_GCC_541\Debug\ScienceFirmware.hex"
Deleting file ".\CortexM0\ARM_GCC_541\Debug\ScienceFirmware.elf"
Deleting file ".\CortexM0\ARM_GCC_541\Debug\ScienceFirmware.map"
Deleting file ".\ScienceFirmware.rpt"
Deleting file ".\ScienceFirmware_timing.html"
Deleting file ".\CortexM0\ARM_GCC_541\Debug\.deps\SOURCE_C__ARM_GCC_GENERIC.P"
Deleting file ".\CortexM0\ARM_GCC_541\Debug\.deps\SOURCE_ASM__ARM_GCC_GENERIC.P"
--------------- Clean Succeeded: 03/01/2020 19:45:02 ---------------
