#***************************************************************************

#sjplacer

#Version:            1.1

#Build Date:         Dec  5 2017 15:35:27

#File Generated:     Mar 7 2020 13:09:39

#Purpose:            

#Copyright (C) 2010-2011 by Softjin Technologies Pvt Ltd. All rights reserved.

#***************************************************************************

Executing : D:\Program Files (x86)\Cypress\PSoC Creator\4.2\PSoC Creator\bin/sjplacer.exe --proj-name ScienceFirmware --netlist-vh2 ScienceFirmware_p.vh2 --arch p4_udb2x2 --arch-file D:\OneDrive\Documents\PSoC Creator\4.2\Devices\arch/udbdsi_2x2_04.cydata --ip-file D:\OneDrive\Documents\PSoC Creator\4.2\Devices\psoc4/4/ip_blocks.cydata --rrg-file D:\OneDrive\Documents\PSoC Creator\4.2\Devices\psoc4/4/route_arch-rrg.cydata --irq-file D:\OneDrive\Documents\PSoC Creator\4.2\Devices\psoc4/4/irqconn.cydata --drq-file D:\OneDrive\Documents\PSoC Creator\4.2\Devices\psoc4/4/triggerconn.cydata --dsi-conn-file D:\OneDrive\Documents\PSoC Creator\4.2\Devices\psoc4/4/dsiconn.cydata --pins-file pins_64-TQFP.xml --lib-file ScienceFirmware_p.lib --sdc-file ScienceFirmware.sdc --io-pcf ScienceFirmware.pci --outdir .

		Softjin Techologies Placer, Version 1.1

Build Date : Dec  5 2017	15:33:41

D2004: Option and Settings Summary
=============================================================
Netlist vh2 file          - ScienceFirmware_p.vh2
Architecture file         - D:\OneDrive\Documents\PSoC Creator\4.2\Devices\arch/udbdsi_2x2_04.cydata
Package                   - 
Defparam file             - 
SDC file                  - ScienceFirmware.sdc
Output directory          - .
Timing library            - ScienceFirmware_p.lib
IO Placement file         - ScienceFirmware.pci

D2050: Starting reading inputs for placer
=============================================================
D2065: Reading netlist file : "ScienceFirmware_p.vh2"
D2065: Reading arch file : "D:\OneDrive\Documents\PSoC Creator\4.2\Devices\arch/udbdsi_2x2_04.cydata"
D2051: Reading of inputs for placer completed successfully

D2053: Starting placement of the design
=============================================================

Phase 2
Phase 3

Design Statistics after Packing
    Number of Combinational MCs 	:	1
    Number of Sequential MCs    	:	4
    Number of DPs               	:	2
    Number of Controls          	:	1
    Number of Status            	:	1
    Number of SyncCells         	:	0
    Number of count7cells       	:	0

Device Utilization Summary after Packing
    Macrocells                  :	5/32
    UDBS                        :	2/4
    IOs                         :	3/51


D2088: Phase 3, elapsed time : 0.0 (sec)

Phase 4
D2088: Phase 4, elapsed time : 0.0 (sec)

Phase 6

######################################################################
Placement Timing Summary

The timing summary is based on estimated routing delays after
placement. For final timing report, please carry out the timing
analysis after routing.
======================================================================

######################################################################
                     Clock Summary 
======================================================================
Number of clocks: 9
Clock: Clock1               | Frequency:  41.7 MHz | Target:   0.0 MHz
Clock: CyHFClk              | Frequency: N/A       | Target:  48.0 MHz
Clock: CyILO                | Frequency: N/A       | Target:   0.0 MHz
Clock: CyIMO                | Frequency: N/A       | Target:  48.0 MHz
Clock: CyLFClk              | Frequency: N/A       | Target:   0.0 MHz
Clock: CyRouted1            | Frequency: N/A       | Target:  48.0 MHz
Clock: CySysClk             | Frequency: N/A       | Target:  48.0 MHz
Clock: I2CMaster_SCBCLK     | Frequency: N/A       | Target:   1.6 MHz
Clock: I2CMaster_SCBCLK(FFB) | Frequency: N/A       | Target:   1.6 MHz

======================================================================
                     End of Clock Summary
######################################################################

D2088: Phase 6, elapsed time : 0.0 (sec)

Phase 7
######################################################################
                     Clock Summary 
======================================================================
Number of clocks: 9
Clock: Clock1               | Frequency:  41.7 MHz | Target:   0.0 MHz
Clock: CyHFClk              | Frequency: N/A       | Target:  48.0 MHz
Clock: CyILO                | Frequency: N/A       | Target:   0.0 MHz
Clock: CyIMO                | Frequency: N/A       | Target:  48.0 MHz
Clock: CyLFClk              | Frequency: N/A       | Target:   0.0 MHz
Clock: CyRouted1            | Frequency: N/A       | Target:  48.0 MHz
Clock: CySysClk             | Frequency: N/A       | Target:  48.0 MHz
Clock: I2CMaster_SCBCLK     | Frequency: N/A       | Target:   1.6 MHz
Clock: I2CMaster_SCBCLK(FFB) | Frequency: N/A       | Target:   1.6 MHz

======================================================================
                     End of Clock Summary
######################################################################
D2088: Phase 7, elapsed time : 0.0 (sec)

Final Design Statistics
    Number of Combinational MCs 	:	1
    Number of Sequential MCs    	:	4
    Number of DPs               	:	2
    Number of Controls          	:	1
    Number of Status            	:	1
    Number of SyncCells         	:	0
    Number of count7cells       	:	0
    Number of IOs       	:	3

Device Utilization Summary
    Macrocells                  :	5/32
    IOs                         :	3/51



######################################################################
Placement Timing Summary

The timing summary is based on estimated routing delays after
placement. For final timing report, please carry out the timing
analysis after routing.
======================================================================


######################################################################
                     Clock Summary 
======================================================================
Number of clocks: 9
Clock: Clock1               | Frequency:  41.7 MHz | Target:   0.0 MHz
Clock: CyHFClk              | Frequency: N/A       | Target:  48.0 MHz
Clock: CyILO                | Frequency: N/A       | Target:   0.0 MHz
Clock: CyIMO                | Frequency: N/A       | Target:  48.0 MHz
Clock: CyLFClk              | Frequency: N/A       | Target:   0.0 MHz
Clock: CyRouted1            | Frequency: N/A       | Target:  48.0 MHz
Clock: CySysClk             | Frequency: N/A       | Target:  48.0 MHz
Clock: I2CMaster_SCBCLK     | Frequency: N/A       | Target:   1.6 MHz
Clock: I2CMaster_SCBCLK(FFB) | Frequency: N/A       | Target:   1.6 MHz

======================================================================
                     End of Clock Summary
######################################################################

Phase 6

######################################################################
Placement Timing Summary

The timing summary is based on estimated routing delays after
placement. For final timing report, please carry out the timing
analysis after routing.
======================================================================

######################################################################
                     Clock Summary 
======================================================================
Number of clocks: 9
Clock: Clock1               | Frequency:  41.7 MHz | Target:   0.0 MHz
Clock: CyHFClk              | Frequency: N/A       | Target:  48.0 MHz
Clock: CyILO                | Frequency: N/A       | Target:   0.0 MHz
Clock: CyIMO                | Frequency: N/A       | Target:  48.0 MHz
Clock: CyLFClk              | Frequency: N/A       | Target:   0.0 MHz
Clock: CyRouted1            | Frequency: N/A       | Target:  48.0 MHz
Clock: CySysClk             | Frequency: N/A       | Target:  48.0 MHz
Clock: I2CMaster_SCBCLK     | Frequency: N/A       | Target:   1.6 MHz
Clock: I2CMaster_SCBCLK(FFB) | Frequency: N/A       | Target:   1.6 MHz

======================================================================
                     End of Clock Summary
######################################################################

D2088: Phase 6, elapsed time : 0.0 (sec)

Phase 7
######################################################################
                     Clock Summary 
======================================================================
Number of clocks: 9
Clock: Clock1               | Frequency:  41.7 MHz | Target:   0.0 MHz
Clock: CyHFClk              | Frequency: N/A       | Target:  48.0 MHz
Clock: CyILO                | Frequency: N/A       | Target:   0.0 MHz
Clock: CyIMO                | Frequency: N/A       | Target:  48.0 MHz
Clock: CyLFClk              | Frequency: N/A       | Target:   0.0 MHz
Clock: CyRouted1            | Frequency: N/A       | Target:  48.0 MHz
Clock: CySysClk             | Frequency: N/A       | Target:  48.0 MHz
Clock: I2CMaster_SCBCLK     | Frequency: N/A       | Target:   1.6 MHz
Clock: I2CMaster_SCBCLK(FFB) | Frequency: N/A       | Target:   1.6 MHz

======================================================================
                     End of Clock Summary
######################################################################
D2088: Phase 7, elapsed time : 0.1 (sec)

Final Design Statistics
    Number of Combinational MCs 	:	1
    Number of Sequential MCs    	:	4
    Number of DPs               	:	2
    Number of Controls          	:	1
    Number of Status            	:	1
    Number of SyncCells         	:	0
    Number of count7cells       	:	0
    Number of IOs       	:	3

Device Utilization Summary
    Macrocells                  :	5/32
    IOs                         :	3/51



######################################################################
Placement Timing Summary

The timing summary is based on estimated routing delays after
placement. For final timing report, please carry out the timing
analysis after routing.
======================================================================


######################################################################
                     Clock Summary 
======================================================================
Number of clocks: 9
Clock: Clock1               | Frequency:  41.7 MHz | Target:   0.0 MHz
Clock: CyHFClk              | Frequency: N/A       | Target:  48.0 MHz
Clock: CyILO                | Frequency: N/A       | Target:   0.0 MHz
Clock: CyIMO                | Frequency: N/A       | Target:  48.0 MHz
Clock: CyLFClk              | Frequency: N/A       | Target:   0.0 MHz
Clock: CyRouted1            | Frequency: N/A       | Target:  48.0 MHz
Clock: CySysClk             | Frequency: N/A       | Target:  48.0 MHz
Clock: I2CMaster_SCBCLK     | Frequency: N/A       | Target:   1.6 MHz
Clock: I2CMaster_SCBCLK(FFB) | Frequency: N/A       | Target:   1.6 MHz

======================================================================
                     End of Clock Summary
######################################################################

Phase 8
D2088: Phase 8, elapsed time : 0.0 (sec)

D2054: Placement of the design completed successfully

I2076: Total run-time: 1.3 sec.

